May 19 2022 09:59:22
{"Number":8,"Message":"Ai1wm_Database_Utility::replace_serialized_values(): The script tried to execute a method or access a property of an incomplete object. Please ensure that the class definition &quot;Elementor\\Core\\Logger\\Items\\JS&quot; of the object you are trying to operate on was loaded _before_ unserialize() gets called or provide an autoloader to load the class definition","File":"C:\\xampp\\htdocs\\brief8_wordpress\\wordpress\\wp-content\\plugins\\all-in-one-wp-migration\\lib\\vendor\\servmask\\database\\class-ai1wm-database-utility.php","Line":74}

May 19 2022 09:59:22
{"Number":8,"Message":"Ai1wm_Database_Utility::replace_serialized_values(): The script tried to execute a method or access a property of an incomplete object. Please ensure that the class definition &quot;Elementor\\Core\\Logger\\Items\\JS&quot; of the object you are trying to operate on was loaded _before_ unserialize() gets called or provide an autoloader to load the class definition","File":"C:\\xampp\\htdocs\\brief8_wordpress\\wordpress\\wp-content\\plugins\\all-in-one-wp-migration\\lib\\vendor\\servmask\\database\\class-ai1wm-database-utility.php","Line":74}

May 19 2022 09:59:22
{"Number":8,"Message":"Ai1wm_Database_Utility::replace_serialized_values(): The script tried to execute a method or access a property of an incomplete object. Please ensure that the class definition &quot;Elementor\\Core\\Logger\\Items\\JS&quot; of the object you are trying to operate on was loaded _before_ unserialize() gets called or provide an autoloader to load the class definition","File":"C:\\xampp\\htdocs\\brief8_wordpress\\wordpress\\wp-content\\plugins\\all-in-one-wp-migration\\lib\\vendor\\servmask\\database\\class-ai1wm-database-utility.php","Line":74}

May 19 2022 09:59:22
{"Number":8,"Message":"Ai1wm_Database_Utility::replace_serialized_values(): The script tried to execute a method or access a property of an incomplete object. Please ensure that the class definition &quot;Elementor\\Core\\Logger\\Items\\JS&quot; of the object you are trying to operate on was loaded _before_ unserialize() gets called or provide an autoloader to load the class definition","File":"C:\\xampp\\htdocs\\brief8_wordpress\\wordpress\\wp-content\\plugins\\all-in-one-wp-migration\\lib\\vendor\\servmask\\database\\class-ai1wm-database-utility.php","Line":74}

May 19 2022 09:59:22
{"Number":8,"Message":"Ai1wm_Database_Utility::replace_serialized_values(): The script tried to execute a method or access a property of an incomplete object. Please ensure that the class definition &quot;Elementor\\Core\\Logger\\Items\\JS&quot; of the object you are trying to operate on was loaded _before_ unserialize() gets called or provide an autoloader to load the class definition","File":"C:\\xampp\\htdocs\\brief8_wordpress\\wordpress\\wp-content\\plugins\\all-in-one-wp-migration\\lib\\vendor\\servmask\\database\\class-ai1wm-database-utility.php","Line":74}

May 19 2022 09:59:22
{"Number":8,"Message":"Ai1wm_Database_Utility::replace_serialized_values(): The script tried to execute a method or access a property of an incomplete object. Please ensure that the class definition &quot;Elementor\\Core\\Logger\\Items\\JS&quot; of the object you are trying to operate on was loaded _before_ unserialize() gets called or provide an autoloader to load the class definition","File":"C:\\xampp\\htdocs\\brief8_wordpress\\wordpress\\wp-content\\plugins\\all-in-one-wp-migration\\lib\\vendor\\servmask\\database\\class-ai1wm-database-utility.php","Line":74}

May 19 2022 09:59:22
{"Number":8,"Message":"Ai1wm_Database_Utility::replace_serialized_values(): The script tried to execute a method or access a property of an incomplete object. Please ensure that the class definition &quot;Elementor\\Core\\Logger\\Items\\JS&quot; of the object you are trying to operate on was loaded _before_ unserialize() gets called or provide an autoloader to load the class definition","File":"C:\\xampp\\htdocs\\brief8_wordpress\\wordpress\\wp-content\\plugins\\all-in-one-wp-migration\\lib\\vendor\\servmask\\database\\class-ai1wm-database-utility.php","Line":74}

May 19 2022 09:59:22
{"Number":8,"Message":"Ai1wm_Database_Utility::replace_serialized_values(): The script tried to execute a method or access a property of an incomplete object. Please ensure that the class definition &quot;Elementor\\Core\\Logger\\Items\\JS&quot; of the object you are trying to operate on was loaded _before_ unserialize() gets called or provide an autoloader to load the class definition","File":"C:\\xampp\\htdocs\\brief8_wordpress\\wordpress\\wp-content\\plugins\\all-in-one-wp-migration\\lib\\vendor\\servmask\\database\\class-ai1wm-database-utility.php","Line":74}

May 19 2022 09:59:22
{"Number":8,"Message":"Ai1wm_Database_Utility::replace_serialized_values(): The script tried to execute a method or access a property of an incomplete object. Please ensure that the class definition &quot;Elementor\\Core\\Logger\\Items\\JS&quot; of the object you are trying to operate on was loaded _before_ unserialize() gets called or provide an autoloader to load the class definition","File":"C:\\xampp\\htdocs\\brief8_wordpress\\wordpress\\wp-content\\plugins\\all-in-one-wp-migration\\lib\\vendor\\servmask\\database\\class-ai1wm-database-utility.php","Line":74}

May 19 2022 09:59:22
{"Number":8,"Message":"Ai1wm_Database_Utility::replace_serialized_values(): The script tried to execute a method or access a property of an incomplete object. Please ensure that the class definition &quot;Elementor\\Core\\Logger\\Items\\JS&quot; of the object you are trying to operate on was loaded _before_ unserialize() gets called or provide an autoloader to load the class definition","File":"C:\\xampp\\htdocs\\brief8_wordpress\\wordpress\\wp-content\\plugins\\all-in-one-wp-migration\\lib\\vendor\\servmask\\database\\class-ai1wm-database-utility.php","Line":74}

May 19 2022 09:59:22
{"Number":8,"Message":"Ai1wm_Database_Utility::replace_serialized_values(): The script tried to execute a method or access a property of an incomplete object. Please ensure that the class definition &quot;Elementor\\Core\\Logger\\Items\\JS&quot; of the object you are trying to operate on was loaded _before_ unserialize() gets called or provide an autoloader to load the class definition","File":"C:\\xampp\\htdocs\\brief8_wordpress\\wordpress\\wp-content\\plugins\\all-in-one-wp-migration\\lib\\vendor\\servmask\\database\\class-ai1wm-database-utility.php","Line":74}

May 19 2022 09:59:22
{"Number":8,"Message":"Ai1wm_Database_Utility::replace_serialized_values(): The script tried to execute a method or access a property of an incomplete object. Please ensure that the class definition &quot;Elementor\\Core\\Logger\\Items\\JS&quot; of the object you are trying to operate on was loaded _before_ unserialize() gets called or provide an autoloader to load the class definition","File":"C:\\xampp\\htdocs\\brief8_wordpress\\wordpress\\wp-content\\plugins\\all-in-one-wp-migration\\lib\\vendor\\servmask\\database\\class-ai1wm-database-utility.php","Line":74}

May 19 2022 09:59:22
{"Number":8,"Message":"Ai1wm_Database_Utility::replace_serialized_values(): The script tried to execute a method or access a property of an incomplete object. Please ensure that the class definition &quot;Elementor\\Core\\Logger\\Items\\JS&quot; of the object you are trying to operate on was loaded _before_ unserialize() gets called or provide an autoloader to load the class definition","File":"C:\\xampp\\htdocs\\brief8_wordpress\\wordpress\\wp-content\\plugins\\all-in-one-wp-migration\\lib\\vendor\\servmask\\database\\class-ai1wm-database-utility.php","Line":74}

May 19 2022 09:59:22
{"Number":8,"Message":"Ai1wm_Database_Utility::replace_serialized_values(): The script tried to execute a method or access a property of an incomplete object. Please ensure that the class definition &quot;Elementor\\Core\\Logger\\Items\\JS&quot; of the object you are trying to operate on was loaded _before_ unserialize() gets called or provide an autoloader to load the class definition","File":"C:\\xampp\\htdocs\\brief8_wordpress\\wordpress\\wp-content\\plugins\\all-in-one-wp-migration\\lib\\vendor\\servmask\\database\\class-ai1wm-database-utility.php","Line":74}

May 19 2022 09:59:22
{"Number":8,"Message":"Ai1wm_Database_Utility::replace_serialized_values(): The script tried to execute a method or access a property of an incomplete object. Please ensure that the class definition &quot;Elementor\\Core\\Logger\\Items\\JS&quot; of the object you are trying to operate on was loaded _before_ unserialize() gets called or provide an autoloader to load the class definition","File":"C:\\xampp\\htdocs\\brief8_wordpress\\wordpress\\wp-content\\plugins\\all-in-one-wp-migration\\lib\\vendor\\servmask\\database\\class-ai1wm-database-utility.php","Line":74}

May 19 2022 09:59:22
{"Number":8,"Message":"Ai1wm_Database_Utility::replace_serialized_values(): The script tried to execute a method or access a property of an incomplete object. Please ensure that the class definition &quot;Elementor\\Core\\Logger\\Items\\JS&quot; of the object you are trying to operate on was loaded _before_ unserialize() gets called or provide an autoloader to load the class definition","File":"C:\\xampp\\htdocs\\brief8_wordpress\\wordpress\\wp-content\\plugins\\all-in-one-wp-migration\\lib\\vendor\\servmask\\database\\class-ai1wm-database-utility.php","Line":74}

May 19 2022 09:59:22
{"Number":8,"Message":"Ai1wm_Database_Utility::replace_serialized_values(): The script tried to execute a method or access a property of an incomplete object. Please ensure that the class definition &quot;Elementor\\Core\\Logger\\Items\\JS&quot; of the object you are trying to operate on was loaded _before_ unserialize() gets called or provide an autoloader to load the class definition","File":"C:\\xampp\\htdocs\\brief8_wordpress\\wordpress\\wp-content\\plugins\\all-in-one-wp-migration\\lib\\vendor\\servmask\\database\\class-ai1wm-database-utility.php","Line":74}

May 19 2022 09:59:22
{"Number":8,"Message":"Ai1wm_Database_Utility::replace_serialized_values(): The script tried to execute a method or access a property of an incomplete object. Please ensure that the class definition &quot;Elementor\\Core\\Logger\\Items\\JS&quot; of the object you are trying to operate on was loaded _before_ unserialize() gets called or provide an autoloader to load the class definition","File":"C:\\xampp\\htdocs\\brief8_wordpress\\wordpress\\wp-content\\plugins\\all-in-one-wp-migration\\lib\\vendor\\servmask\\database\\class-ai1wm-database-utility.php","Line":74}

May 19 2022 09:59:22
{"Number":8,"Message":"Ai1wm_Database_Utility::replace_serialized_values(): The script tried to execute a method or access a property of an incomplete object. Please ensure that the class definition &quot;Elementor\\Core\\Logger\\Items\\JS&quot; of the object you are trying to operate on was loaded _before_ unserialize() gets called or provide an autoloader to load the class definition","File":"C:\\xampp\\htdocs\\brief8_wordpress\\wordpress\\wp-content\\plugins\\all-in-one-wp-migration\\lib\\vendor\\servmask\\database\\class-ai1wm-database-utility.php","Line":74}

May 19 2022 09:59:22
{"Number":8,"Message":"Ai1wm_Database_Utility::replace_serialized_values(): The script tried to execute a method or access a property of an incomplete object. Please ensure that the class definition &quot;Elementor\\Core\\Logger\\Items\\JS&quot; of the object you are trying to operate on was loaded _before_ unserialize() gets called or provide an autoloader to load the class definition","File":"C:\\xampp\\htdocs\\brief8_wordpress\\wordpress\\wp-content\\plugins\\all-in-one-wp-migration\\lib\\vendor\\servmask\\database\\class-ai1wm-database-utility.php","Line":74}

May 19 2022 09:59:22
{"Number":8,"Message":"Ai1wm_Database_Utility::replace_serialized_values(): The script tried to execute a method or access a property of an incomplete object. Please ensure that the class definition &quot;Elementor\\Core\\Logger\\Items\\JS&quot; of the object you are trying to operate on was loaded _before_ unserialize() gets called or provide an autoloader to load the class definition","File":"C:\\xampp\\htdocs\\brief8_wordpress\\wordpress\\wp-content\\plugins\\all-in-one-wp-migration\\lib\\vendor\\servmask\\database\\class-ai1wm-database-utility.php","Line":74}

May 19 2022 09:59:22
{"Number":8,"Message":"Ai1wm_Database_Utility::replace_serialized_values(): The script tried to execute a method or access a property of an incomplete object. Please ensure that the class definition &quot;Elementor\\Core\\Logger\\Items\\JS&quot; of the object you are trying to operate on was loaded _before_ unserialize() gets called or provide an autoloader to load the class definition","File":"C:\\xampp\\htdocs\\brief8_wordpress\\wordpress\\wp-content\\plugins\\all-in-one-wp-migration\\lib\\vendor\\servmask\\database\\class-ai1wm-database-utility.php","Line":74}

May 19 2022 09:59:23
{"Number":8,"Message":"Ai1wm_Database_Utility::replace_serialized_values(): The script tried to execute a method or access a property of an incomplete object. Please ensure that the class definition &quot;Astra_Builder_Header&quot; of the object you are trying to operate on was loaded _before_ unserialize() gets called or provide an autoloader to load the class definition","File":"C:\\xampp\\htdocs\\brief8_wordpress\\wordpress\\wp-content\\plugins\\all-in-one-wp-migration\\lib\\vendor\\servmask\\database\\class-ai1wm-database-utility.php","Line":74}

May 19 2022 09:59:23
{"Number":8,"Message":"Ai1wm_Database_Utility::replace_serialized_values(): The script tried to execute a method or access a property of an incomplete object. Please ensure that the class definition &quot;Astra_Builder_Header&quot; of the object you are trying to operate on was loaded _before_ unserialize() gets called or provide an autoloader to load the class definition","File":"C:\\xampp\\htdocs\\brief8_wordpress\\wordpress\\wp-content\\plugins\\all-in-one-wp-migration\\lib\\vendor\\servmask\\database\\class-ai1wm-database-utility.php","Line":74}

May 19 2022 09:59:23
{"Number":8,"Message":"Ai1wm_Database_Utility::replace_serialized_values(): The script tried to execute a method or access a property of an incomplete object. Please ensure that the class definition &quot;Astra_Builder_Header&quot; of the object you are trying to operate on was loaded _before_ unserialize() gets called or provide an autoloader to load the class definition","File":"C:\\xampp\\htdocs\\brief8_wordpress\\wordpress\\wp-content\\plugins\\all-in-one-wp-migration\\lib\\vendor\\servmask\\database\\class-ai1wm-database-utility.php","Line":74}

May 19 2022 09:59:23
{"Number":8,"Message":"Ai1wm_Database_Utility::replace_serialized_values(): The script tried to execute a method or access a property of an incomplete object. Please ensure that the class definition &quot;Astra_Builder_Footer&quot; of the object you are trying to operate on was loaded _before_ unserialize() gets called or provide an autoloader to load the class definition","File":"C:\\xampp\\htdocs\\brief8_wordpress\\wordpress\\wp-content\\plugins\\all-in-one-wp-migration\\lib\\vendor\\servmask\\database\\class-ai1wm-database-utility.php","Line":74}

May 19 2022 09:59:23
{"Number":8,"Message":"Ai1wm_Database_Utility::replace_serialized_values(): The script tried to execute a method or access a property of an incomplete object. Please ensure that the class definition &quot;Astra_Builder_Header&quot; of the object you are trying to operate on was loaded _before_ unserialize() gets called or provide an autoloader to load the class definition","File":"C:\\xampp\\htdocs\\brief8_wordpress\\wordpress\\wp-content\\plugins\\all-in-one-wp-migration\\lib\\vendor\\servmask\\database\\class-ai1wm-database-utility.php","Line":74}

May 19 2022 09:59:23
{"Number":8,"Message":"Ai1wm_Database_Utility::replace_serialized_values(): The script tried to execute a method or access a property of an incomplete object. Please ensure that the class definition &quot;Astra_Builder_Header&quot; of the object you are trying to operate on was loaded _before_ unserialize() gets called or provide an autoloader to load the class definition","File":"C:\\xampp\\htdocs\\brief8_wordpress\\wordpress\\wp-content\\plugins\\all-in-one-wp-migration\\lib\\vendor\\servmask\\database\\class-ai1wm-database-utility.php","Line":74}

May 19 2022 09:59:23
{"Number":8,"Message":"Ai1wm_Database_Utility::replace_serialized_values(): The script tried to execute a method or access a property of an incomplete object. Please ensure that the class definition &quot;Astra_Builder_Header&quot; of the object you are trying to operate on was loaded _before_ unserialize() gets called or provide an autoloader to load the class definition","File":"C:\\xampp\\htdocs\\brief8_wordpress\\wordpress\\wp-content\\plugins\\all-in-one-wp-migration\\lib\\vendor\\servmask\\database\\class-ai1wm-database-utility.php","Line":74}

May 19 2022 09:59:23
{"Number":8,"Message":"Ai1wm_Database_Utility::replace_serialized_values(): The script tried to execute a method or access a property of an incomplete object. Please ensure that the class definition &quot;Astra_Builder_Header&quot; of the object you are trying to operate on was loaded _before_ unserialize() gets called or provide an autoloader to load the class definition","File":"C:\\xampp\\htdocs\\brief8_wordpress\\wordpress\\wp-content\\plugins\\all-in-one-wp-migration\\lib\\vendor\\servmask\\database\\class-ai1wm-database-utility.php","Line":74}

May 19 2022 09:59:23
{"Number":8,"Message":"Ai1wm_Database_Utility::replace_serialized_values(): The script tried to execute a method or access a property of an incomplete object. Please ensure that the class definition &quot;Astra_Builder_Header&quot; of the object you are trying to operate on was loaded _before_ unserialize() gets called or provide an autoloader to load the class definition","File":"C:\\xampp\\htdocs\\brief8_wordpress\\wordpress\\wp-content\\plugins\\all-in-one-wp-migration\\lib\\vendor\\servmask\\database\\class-ai1wm-database-utility.php","Line":74}

May 19 2022 09:59:23
{"Number":8,"Message":"Ai1wm_Database_Utility::replace_serialized_values(): The script tried to execute a method or access a property of an incomplete object. Please ensure that the class definition &quot;Astra_Builder_Header&quot; of the object you are trying to operate on was loaded _before_ unserialize() gets called or provide an autoloader to load the class definition","File":"C:\\xampp\\htdocs\\brief8_wordpress\\wordpress\\wp-content\\plugins\\all-in-one-wp-migration\\lib\\vendor\\servmask\\database\\class-ai1wm-database-utility.php","Line":74}

May 19 2022 09:59:23
{"Number":8,"Message":"Ai1wm_Database_Utility::replace_serialized_values(): The script tried to execute a method or access a property of an incomplete object. Please ensure that the class definition &quot;Astra_Builder_Footer&quot; of the object you are trying to operate on was loaded _before_ unserialize() gets called or provide an autoloader to load the class definition","File":"C:\\xampp\\htdocs\\brief8_wordpress\\wordpress\\wp-content\\plugins\\all-in-one-wp-migration\\lib\\vendor\\servmask\\database\\class-ai1wm-database-utility.php","Line":74}

May 19 2022 09:59:23
{"Number":8,"Message":"Ai1wm_Database_Utility::replace_serialized_values(): The script tried to execute a method or access a property of an incomplete object. Please ensure that the class definition &quot;Astra_Builder_Footer&quot; of the object you are trying to operate on was loaded _before_ unserialize() gets called or provide an autoloader to load the class definition","File":"C:\\xampp\\htdocs\\brief8_wordpress\\wordpress\\wp-content\\plugins\\all-in-one-wp-migration\\lib\\vendor\\servmask\\database\\class-ai1wm-database-utility.php","Line":74}

May 19 2022 09:59:23
{"Number":8,"Message":"Ai1wm_Database_Utility::replace_serialized_values(): The script tried to execute a method or access a property of an incomplete object. Please ensure that the class definition &quot;Astra_Builder_Footer&quot; of the object you are trying to operate on was loaded _before_ unserialize() gets called or provide an autoloader to load the class definition","File":"C:\\xampp\\htdocs\\brief8_wordpress\\wordpress\\wp-content\\plugins\\all-in-one-wp-migration\\lib\\vendor\\servmask\\database\\class-ai1wm-database-utility.php","Line":74}

May 19 2022 09:59:23
{"Number":8,"Message":"Ai1wm_Database_Utility::replace_serialized_values(): The script tried to execute a method or access a property of an incomplete object. Please ensure that the class definition &quot;Astra_Builder_Footer&quot; of the object you are trying to operate on was loaded _before_ unserialize() gets called or provide an autoloader to load the class definition","File":"C:\\xampp\\htdocs\\brief8_wordpress\\wordpress\\wp-content\\plugins\\all-in-one-wp-migration\\lib\\vendor\\servmask\\database\\class-ai1wm-database-utility.php","Line":74}

May 19 2022 09:59:23
{"Number":8,"Message":"Ai1wm_Database_Utility::replace_serialized_values(): The script tried to execute a method or access a property of an incomplete object. Please ensure that the class definition &quot;Astra_Builder_Footer&quot; of the object you are trying to operate on was loaded _before_ unserialize() gets called or provide an autoloader to load the class definition","File":"C:\\xampp\\htdocs\\brief8_wordpress\\wordpress\\wp-content\\plugins\\all-in-one-wp-migration\\lib\\vendor\\servmask\\database\\class-ai1wm-database-utility.php","Line":74}

May 19 2022 09:59:23
{"Number":8,"Message":"Ai1wm_Database_Utility::replace_serialized_values(): The script tried to execute a method or access a property of an incomplete object. Please ensure that the class definition &quot;Astra_Builder_Footer&quot; of the object you are trying to operate on was loaded _before_ unserialize() gets called or provide an autoloader to load the class definition","File":"C:\\xampp\\htdocs\\brief8_wordpress\\wordpress\\wp-content\\plugins\\all-in-one-wp-migration\\lib\\vendor\\servmask\\database\\class-ai1wm-database-utility.php","Line":74}

May 19 2022 09:59:23
{"Number":8,"Message":"Ai1wm_Database_Utility::replace_serialized_values(): The script tried to execute a method or access a property of an incomplete object. Please ensure that the class definition &quot;Astra_Builder_Footer&quot; of the object you are trying to operate on was loaded _before_ unserialize() gets called or provide an autoloader to load the class definition","File":"C:\\xampp\\htdocs\\brief8_wordpress\\wordpress\\wp-content\\plugins\\all-in-one-wp-migration\\lib\\vendor\\servmask\\database\\class-ai1wm-database-utility.php","Line":74}

May 19 2022 09:59:23
{"Number":8,"Message":"Ai1wm_Database_Utility::replace_serialized_values(): The script tried to execute a method or access a property of an incomplete object. Please ensure that the class definition &quot;Astra_Builder_Footer&quot; of the object you are trying to operate on was loaded _before_ unserialize() gets called or provide an autoloader to load the class definition","File":"C:\\xampp\\htdocs\\brief8_wordpress\\wordpress\\wp-content\\plugins\\all-in-one-wp-migration\\lib\\vendor\\servmask\\database\\class-ai1wm-database-utility.php","Line":74}

May 19 2022 09:59:23
{"Number":8,"Message":"Ai1wm_Database_Utility::replace_serialized_values(): The script tried to execute a method or access a property of an incomplete object. Please ensure that the class definition &quot;Astra_Builder_Footer&quot; of the object you are trying to operate on was loaded _before_ unserialize() gets called or provide an autoloader to load the class definition","File":"C:\\xampp\\htdocs\\brief8_wordpress\\wordpress\\wp-content\\plugins\\all-in-one-wp-migration\\lib\\vendor\\servmask\\database\\class-ai1wm-database-utility.php","Line":74}

May 19 2022 09:59:23
{"Number":8,"Message":"Ai1wm_Database_Utility::replace_serialized_values(): The script tried to execute a method or access a property of an incomplete object. Please ensure that the class definition &quot;Astra_Builder_Footer&quot; of the object you are trying to operate on was loaded _before_ unserialize() gets called or provide an autoloader to load the class definition","File":"C:\\xampp\\htdocs\\brief8_wordpress\\wordpress\\wp-content\\plugins\\all-in-one-wp-migration\\lib\\vendor\\servmask\\database\\class-ai1wm-database-utility.php","Line":74}

May 19 2022 09:59:23
{"Number":8,"Message":"Ai1wm_Database_Utility::replace_serialized_values(): The script tried to execute a method or access a property of an incomplete object. Please ensure that the class definition &quot;Astra_Builder_Footer&quot; of the object you are trying to operate on was loaded _before_ unserialize() gets called or provide an autoloader to load the class definition","File":"C:\\xampp\\htdocs\\brief8_wordpress\\wordpress\\wp-content\\plugins\\all-in-one-wp-migration\\lib\\vendor\\servmask\\database\\class-ai1wm-database-utility.php","Line":74}

May 19 2022 09:59:23
{"Number":8,"Message":"Ai1wm_Database_Utility::replace_serialized_values(): The script tried to execute a method or access a property of an incomplete object. Please ensure that the class definition &quot;Astra_Builder_Footer&quot; of the object you are trying to operate on was loaded _before_ unserialize() gets called or provide an autoloader to load the class definition","File":"C:\\xampp\\htdocs\\brief8_wordpress\\wordpress\\wp-content\\plugins\\all-in-one-wp-migration\\lib\\vendor\\servmask\\database\\class-ai1wm-database-utility.php","Line":74}

May 19 2022 10:00:54
{"type":2,"message":"dns_get_record(): DNS Query failed","file":"C:\\xampp\\htdocs\\brief8_wordpress\\wordpress\\wp-content\\plugins\\wordfence\\lib\\wfUtils.php","line":998}

